app/build/intermediates/manifest_merge_blame_file/debug/processDebugMainManifest/manifest-merger-blame-debug-report.txt
1<?xml version="1.0" encoding="utf-8"?>
2<manifest xmlns:android="http://schemas.android.com/apk/res/android"
3    package="com.seblakjeletot.app"
4    android:versionCode="1"
5    android:versionName="1.0" >
6
7    <uses-sdk
8        android:minSdkVersion="23"
9        android:targetSdkVersion="35" />
10
11    <application
11-->src\main\AndroidManifest.xml:4:5-30:19
12        android:allowBackup="true"
12-->src\main\AndroidManifest.xml:5:9-35
13        android:appComponentFactory="androidx.core.app.CoreComponentFactory"
13-->[androidx.core:core:1.7.0] AndroidManifest.xml:24:18-86
14        android:debuggable="true"
15        android:extractNativeLibs="false"
16        android:icon="@drawable/logo_seblak"
16-->src\main\AndroidManifest.xml:6:9-45
17        android:label="@string/app_name"
17-->src\main\AndroidManifest.xml:8:9-41
18        android:roundIcon="@drawable/logo_seblak"
18-->src\main\AndroidManifest.xml:7:9-50
19        android:supportsRtl="true"
19-->src\main\AndroidManifest.xml:9:9-35
20        android:testOnly="true"
21        android:theme="@style/Theme.SeblakJeletotApp" >
21-->src\main\AndroidManifest.xml:10:9-54
22        <activity android:name="com.seblakjeletot.app.activity.HistoryActivity" />
22-->src\main\AndroidManifest.xml:12:9-62
22-->src\main\AndroidManifest.xml:12:19-59
23        <activity android:name="com.seblakjeletot.app.activity.CheckoutActivity" />
23-->src\main\AndroidManifest.xml:13:9-63
23-->src\main\AndroidManifest.xml:13:19-60
24        <activity android:name="com.seblakjeletot.app.activity.CartActivity" />
24-->src\main\AndroidManifest.xml:14:9-59
24-->src\main\AndroidManifest.xml:14:19-56
25        <activity android:name="com.seblakjeletot.app.activity.DetailMenuActivity" />
25-->src\main\AndroidManifest.xml:15:9-65
25-->src\main\AndroidManifest.xml:15:19-62
26        <activity android:name="com.seblakjeletot.app.activity.MenuActivity" />
26-->src\main\AndroidManifest.xml:16:9-59
26-->src\main\AndroidManifest.xml:16:19-56
27        <activity android:name="com.seblakjeletot.app.activity.HomeActivity" />
27-->src\main\AndroidManifest.xml:17:9-59
27-->src\main\AndroidManifest.xml:17:19-56
28        <activity
28-->src\main\AndroidManifest.xml:19:9-28:20
29            android:name="com.seblakjeletot.app.activity.SplashActivity"
29-->src\main\AndroidManifest.xml:20:13-52
30            android:exported="true" >
30-->src\main\AndroidManifest.xml:21:13-36
31            <intent-filter>
31-->src\main\AndroidManifest.xml:23:13-26:29
32                <action android:name="android.intent.action.MAIN" />
32-->src\main\AndroidManifest.xml:24:17-69
32-->src\main\AndroidManifest.xml:24:25-66
33
34                <category android:name="android.intent.category.LAUNCHER" />
34-->src\main\AndroidManifest.xml:25:17-77
34-->src\main\AndroidManifest.xml:25:27-74
35            </intent-filter>
36        </activity>
37    </application>
38
39</manifest>